build/app/intermediates/manifest_merge_blame_file/release/manifest-merger-blame-release-report.txt
1<?xml version="1.0" encoding="utf-8"?>
2<manifest xmlns:android="http://schemas.android.com/apk/res/android"
3    package="com.devetechno.ecomm"
4    android:targetSandboxVersion="1"
5    android:versionCode="6"
6    android:versionName="1.6.0" >
7
8    <uses-sdk
9        android:minSdkVersion="21"
9-->src\main\AndroidManifest.xml
10        android:targetSdkVersion="33" />
10-->src\main\AndroidManifest.xml
11
12    <uses-permission android:name="android.permission.INTERNET" />
12-->src\main\AndroidManifest.xml:5:5-66
12-->src\main\AndroidManifest.xml:5:22-64
13    <uses-permission android:name="android.permission.WAKE_LOCK" />
13-->src\main\AndroidManifest.xml:6:5-68
13-->src\main\AndroidManifest.xml:6:22-65
14    <uses-permission android:name="android.permission.ACCESS_WIFI_STATE" />
14-->src\main\AndroidManifest.xml:7:5-76
14-->src\main\AndroidManifest.xml:7:22-73
15    <uses-permission android:name="android.permission.ACCESS_NETWORK_STATE" />
15-->src\main\AndroidManifest.xml:8:5-79
15-->src\main\AndroidManifest.xml:8:22-76
16    <uses-permission android:name="android.permission.READ_EXTERNAL_STORAGE" />
16-->src\main\AndroidManifest.xml:9:5-80
16-->src\main\AndroidManifest.xml:9:22-77
17    <uses-permission android:name="android.permission.WRITE_EXTERNAL_STORAGE" />
17-->src\main\AndroidManifest.xml:10:5-81
17-->src\main\AndroidManifest.xml:10:22-78
18    <uses-permission android:name="android.permission.BLUETOOTH" />
18-->src\main\AndroidManifest.xml:11:5-68
18-->src\main\AndroidManifest.xml:11:22-65
19    <uses-permission android:name="android.permission.BLUETOOTH_ADMIN" />
19-->src\main\AndroidManifest.xml:12:5-74
19-->src\main\AndroidManifest.xml:12:22-71
20    <uses-permission android:name="android.permission.ACCESS_COARSE_LOCATION" />
20-->src\main\AndroidManifest.xml:13:5-80
20-->src\main\AndroidManifest.xml:13:22-78
21    <uses-permission android:name="android.permission.ACCESS_FINE_LOCATION" />
21-->src\main\AndroidManifest.xml:14:5-78
21-->src\main\AndroidManifest.xml:14:22-76
22    <uses-permission android:name="android.permission.READ_MEDIA_IMAGES" />
22-->src\main\AndroidManifest.xml:15:5-75
22-->src\main\AndroidManifest.xml:15:22-73
23    <uses-permission android:name="android.permission.READ_MEDIA_VIDEO" />
23-->src\main\AndroidManifest.xml:16:5-74
23-->src\main\AndroidManifest.xml:16:22-72
24    <uses-permission android:name="android.permission.READ_MEDIA_AUDIO" />
24-->src\main\AndroidManifest.xml:17:5-74
24-->src\main\AndroidManifest.xml:17:22-72
25
26    <queries>
26-->src\main\AndroidManifest.xml:19:5-33:15
27        <intent>
27-->src\main\AndroidManifest.xml:20:9-23:18
28            <action android:name="android.intent.action.VIEW" />
28-->src\main\AndroidManifest.xml:21:13-65
28-->src\main\AndroidManifest.xml:21:21-62
29
30            <data android:scheme="https" />
30-->src\main\AndroidManifest.xml:22:13-44
30-->src\main\AndroidManifest.xml:22:19-41
31        </intent>
32        <intent>
32-->src\main\AndroidManifest.xml:24:9-27:18
33            <action android:name="android.intent.action.DIAL" />
33-->src\main\AndroidManifest.xml:25:13-65
33-->src\main\AndroidManifest.xml:25:21-62
34
35            <data android:scheme="tel" />
35-->src\main\AndroidManifest.xml:22:13-44
35-->src\main\AndroidManifest.xml:22:19-41
36        </intent>
37        <intent>
37-->src\main\AndroidManifest.xml:28:9-31:18
38            <action android:name="android.intent.action.SEND" />
38-->src\main\AndroidManifest.xml:29:13-65
38-->src\main\AndroidManifest.xml:29:21-62
39
40            <data android:mimeType="*/*" />
40-->src\main\AndroidManifest.xml:22:13-44
40-->src\main\AndroidManifest.xml:30:19-41
41        </intent>
42
43        <provider android:authorities="com.facebook.katana.provider.PlatformProvider" />
43-->src\main\AndroidManifest.xml:32:9-89
43-->src\main\AndroidManifest.xml:32:19-86
44
45        <intent>
45-->[:flutter_inappwebview] AndroidManifest.xml:10:9-12:18
46            <action android:name="android.support.customtabs.action.CustomTabsService" />
46-->[:flutter_inappwebview] AndroidManifest.xml:11:13-90
46-->[:flutter_inappwebview] AndroidManifest.xml:11:21-87
47        </intent>
48        <intent>
48-->[:flutter_downloader] AndroidManifest.xml:11:9-13:18
49            <action android:name="android.intent.action.VIEW" />
49-->src\main\AndroidManifest.xml:21:13-65
49-->src\main\AndroidManifest.xml:21:21-62
50        </intent>
51
52        <package android:name="com.facebook.katana" /> <!-- Needs to be explicitly declared on Android R+ -->
52-->[com.facebook.android:facebook-common:14.1.1] AndroidManifest.xml:30:9-55
52-->[com.facebook.android:facebook-common:14.1.1] AndroidManifest.xml:30:18-52
53        <package android:name="com.google.android.apps.maps" />
53-->[com.google.android.gms:play-services-maps:18.2.0] AndroidManifest.xml:33:9-64
53-->[com.google.android.gms:play-services-maps:18.2.0] AndroidManifest.xml:33:18-61
54
55        <intent>
55-->[androidx.media2:media2-session:1.2.1] AndroidManifest.xml:25:9-27:18
56            <action android:name="android.media.browse.MediaBrowserService" />
56-->[androidx.media2:media2-session:1.2.1] AndroidManifest.xml:26:13-79
56-->[androidx.media2:media2-session:1.2.1] AndroidManifest.xml:26:21-76
57        </intent>
58        <intent>
58-->[androidx.media2:media2-session:1.2.1] AndroidManifest.xml:28:9-30:18
59            <action android:name="androidx.media2.session.MediaSessionService" />
59-->[androidx.media2:media2-session:1.2.1] AndroidManifest.xml:29:13-82
59-->[androidx.media2:media2-session:1.2.1] AndroidManifest.xml:29:21-79
60        </intent>
61        <intent>
61-->[androidx.media2:media2-session:1.2.1] AndroidManifest.xml:31:9-33:18
62            <action android:name="androidx.media2.session.MediaLibraryService" />
62-->[androidx.media2:media2-session:1.2.1] AndroidManifest.xml:32:13-82
62-->[androidx.media2:media2-session:1.2.1] AndroidManifest.xml:32:21-79
63        </intent>
64    </queries>
65    <!-- Permissions options for the `notification` group -->
66    <uses-permission android:name="android.permission.POST_NOTIFICATIONS" />
66-->[:firebase_messaging] AndroidManifest.xml:13:5-77
66-->[:firebase_messaging] AndroidManifest.xml:13:22-74
67    <uses-permission android:name="android.permission.FOREGROUND_SERVICE" />
67-->[:geolocator_android] AndroidManifest.xml:9:5-77
67-->[:geolocator_android] AndroidManifest.xml:9:22-74
68    <uses-permission android:name="android.permission.RECEIVE_BOOT_COMPLETED" />
68-->[:flutter_local_notifications] AndroidManifest.xml:9:5-81
68-->[:flutter_local_notifications] AndroidManifest.xml:9:22-78
69    <uses-permission android:name="android.permission.VIBRATE" />
69-->[:flutter_local_notifications] AndroidManifest.xml:10:5-66
69-->[:flutter_local_notifications] AndroidManifest.xml:10:22-63
70    <uses-permission android:name="android.permission.USE_FULL_SCREEN_INTENT" />
70-->[:flutter_local_notifications] AndroidManifest.xml:11:5-81
70-->[:flutter_local_notifications] AndroidManifest.xml:11:22-78
71    <uses-permission android:name="android.permission.SCHEDULE_EXACT_ALARM" />
71-->[:flutter_local_notifications] AndroidManifest.xml:12:5-79
71-->[:flutter_local_notifications] AndroidManifest.xml:12:22-76
72
73    <uses-feature
73-->[com.google.android.gms:play-services-maps:18.2.0] AndroidManifest.xml:26:5-28:35
74        android:glEsVersion="0x00020000"
74-->[com.google.android.gms:play-services-maps:18.2.0] AndroidManifest.xml:27:9-41
75        android:required="true" /> <!-- Required by older versions of Google Play services to create IID tokens -->
75-->[com.google.android.gms:play-services-maps:18.2.0] AndroidManifest.xml:28:9-32
76    <uses-permission android:name="com.google.android.c2dm.permission.RECEIVE" />
76-->[com.google.firebase:firebase-messaging:23.4.1] AndroidManifest.xml:26:5-82
76-->[com.google.firebase:firebase-messaging:23.4.1] AndroidManifest.xml:26:22-79
77    <uses-permission android:name="com.google.android.gms.permission.AD_ID" />
77-->[com.facebook.android:facebook-core:14.1.1] AndroidManifest.xml:28:5-79
77-->[com.facebook.android:facebook-core:14.1.1] AndroidManifest.xml:28:22-76
78
79    <permission
79-->[androidx.core:core:1.10.1] AndroidManifest.xml:22:5-24:47
80        android:name="com.devetechno.ecomm.DYNAMIC_RECEIVER_NOT_EXPORTED_PERMISSION"
80-->[androidx.core:core:1.10.1] AndroidManifest.xml:23:9-81
81        android:protectionLevel="signature" />
81-->[androidx.core:core:1.10.1] AndroidManifest.xml:24:9-44
82
83    <uses-permission android:name="com.devetechno.ecomm.DYNAMIC_RECEIVER_NOT_EXPORTED_PERMISSION" />
83-->[androidx.core:core:1.10.1] AndroidManifest.xml:26:5-97
83-->[androidx.core:core:1.10.1] AndroidManifest.xml:26:22-94
84    <uses-permission android:name="com.google.android.finsky.permission.BIND_GET_INSTALL_REFERRER_SERVICE" />
84-->[com.android.installreferrer:installreferrer:1.0] AndroidManifest.xml:9:5-110
84-->[com.android.installreferrer:installreferrer:1.0] AndroidManifest.xml:9:22-107
85
86    <application
86-->src\main\AndroidManifest.xml:35:5-133:19
87        android:appComponentFactory="androidx.core.app.CoreComponentFactory"
87-->[androidx.core:core:1.10.1] AndroidManifest.xml:28:18-86
88        android:icon="@mipmap/ic_launcher"
88-->src\main\AndroidManifest.xml:40:9-43
89        android:label="Deve-Ecomm"
89-->src\main\AndroidManifest.xml:36:9-35
90        android:networkSecurityConfig="@xml/network_security_config"
90-->src\main\AndroidManifest.xml:39:9-69
91        android:requestLegacyExternalStorage="true"
91-->src\main\AndroidManifest.xml:37:9-52
92        android:supportsRtl="true"
92-->[com.facebook.android:facebook-login:14.1.1] AndroidManifest.xml:28:18-44
93        android:usesCleartextTraffic="true" >
93-->src\main\AndroidManifest.xml:38:9-44
94        <meta-data
94-->src\main\AndroidManifest.xml:42:9-44:71
95            android:name="com.google.android.geo.API_KEY"
95-->src\main\AndroidManifest.xml:43:13-58
96            android:value="AIzaSyB5rlKUcLAJJEg4eE5GxvNCeWTq80UN9Xw" />
96-->src\main\AndroidManifest.xml:44:13-68
97
98        <activity
98-->src\main\AndroidManifest.xml:46:9-72:20
99            android:name="com.devetechno.ecomm.MainActivity"
99-->src\main\AndroidManifest.xml:47:13-41
100            android:configChanges="orientation|keyboardHidden|keyboard|screenSize|smallestScreenSize|locale|layoutDirection|fontScale|screenLayout|density|uiMode"
100-->src\main\AndroidManifest.xml:51:13-163
101            android:exported="true"
101-->src\main\AndroidManifest.xml:48:13-38
102            android:hardwareAccelerated="true"
102-->src\main\AndroidManifest.xml:52:13-47
103            android:launchMode="singleTop"
103-->src\main\AndroidManifest.xml:49:13-43
104            android:theme="@style/LaunchTheme"
104-->src\main\AndroidManifest.xml:50:13-47
105            android:windowSoftInputMode="adjustResize" >
105-->src\main\AndroidManifest.xml:53:13-55
106            <meta-data
106-->src\main\AndroidManifest.xml:55:13-58:17
107                android:name="io.flutter.embedding.android.NormalTheme"
107-->src\main\AndroidManifest.xml:56:15-70
108                android:resource="@style/NormalTheme" />
108-->src\main\AndroidManifest.xml:57:15-52
109            <meta-data
109-->src\main\AndroidManifest.xml:60:13-63:17
110                android:name="io.flutter.embedding.android.SplashScreenDrawable"
110-->src\main\AndroidManifest.xml:61:15-79
111                android:resource="@drawable/launch_background" />
111-->src\main\AndroidManifest.xml:62:15-61
112
113            <intent-filter>
113-->src\main\AndroidManifest.xml:64:13-67:29
114                <action android:name="android.intent.action.MAIN" />
114-->src\main\AndroidManifest.xml:65:17-68
114-->src\main\AndroidManifest.xml:65:25-66
115
116                <category android:name="android.intent.category.LAUNCHER" />
116-->src\main\AndroidManifest.xml:66:17-76
116-->src\main\AndroidManifest.xml:66:27-74
117            </intent-filter>
118            <intent-filter>
118-->src\main\AndroidManifest.xml:68:13-71:29
119                <action android:name="FLUTTER_NOTIFICATION_CLICK" />
119-->src\main\AndroidManifest.xml:69:17-69
119-->src\main\AndroidManifest.xml:69:25-66
120
121                <category android:name="android.intent.category.DEFAULT" />
121-->src\main\AndroidManifest.xml:70:17-76
121-->src\main\AndroidManifest.xml:70:27-73
122            </intent-filter>
123        </activity>
124
125        <meta-data
125-->src\main\AndroidManifest.xml:74:9-76:33
126            android:name="flutterEmbedding"
126-->src\main\AndroidManifest.xml:75:13-44
127            android:value="2" />
127-->src\main\AndroidManifest.xml:76:13-30
128        <meta-data
128-->src\main\AndroidManifest.xml:77:9-78:54
129            android:name="com.facebook.sdk.ApplicationId"
129-->src\main\AndroidManifest.xml:77:20-65
130            android:value="@string/facebook_app_id" />
130-->src\main\AndroidManifest.xml:78:13-52
131
132        <activity
132-->src\main\AndroidManifest.xml:80:9-84:40
133            android:name="com.facebook.FacebookActivity"
133-->src\main\AndroidManifest.xml:80:19-63
134            android:configChanges="keyboard|keyboardHidden|screenLayout|screenSize|orientation"
134-->src\main\AndroidManifest.xml:81:13-113
135            android:exported="true"
135-->src\main\AndroidManifest.xml:84:13-38
136            android:label="@string/app_name"
136-->src\main\AndroidManifest.xml:83:13-45
137            android:theme="@style/com_facebook_activity_theme" />
137-->[com.facebook.android:facebook-common:14.1.1] AndroidManifest.xml:37:13-63
138        <activity
138-->src\main\AndroidManifest.xml:85:9-94:20
139            android:name="com.facebook.CustomTabActivity"
139-->src\main\AndroidManifest.xml:86:13-58
140            android:exported="true" >
140-->src\main\AndroidManifest.xml:87:13-36
141            <intent-filter>
141-->src\main\AndroidManifest.xml:88:13-93:29
142                <action android:name="android.intent.action.VIEW" />
142-->src\main\AndroidManifest.xml:21:13-65
142-->src\main\AndroidManifest.xml:21:21-62
143
144                <category android:name="android.intent.category.DEFAULT" />
144-->src\main\AndroidManifest.xml:70:17-76
144-->src\main\AndroidManifest.xml:70:27-73
145                <category android:name="android.intent.category.BROWSABLE" />
145-->src\main\AndroidManifest.xml:91:17-78
145-->src\main\AndroidManifest.xml:91:27-75
146
147                <data android:scheme="@string/fb_login_protocol_scheme" />
147-->src\main\AndroidManifest.xml:22:13-44
147-->src\main\AndroidManifest.xml:22:19-41
148            </intent-filter>
149            <intent-filter>
149-->[com.facebook.android:facebook-common:14.1.1] AndroidManifest.xml:43:13-52:29
150                <action android:name="android.intent.action.VIEW" />
150-->src\main\AndroidManifest.xml:21:13-65
150-->src\main\AndroidManifest.xml:21:21-62
151
152                <category android:name="android.intent.category.DEFAULT" />
152-->src\main\AndroidManifest.xml:70:17-76
152-->src\main\AndroidManifest.xml:70:27-73
153                <category android:name="android.intent.category.BROWSABLE" />
153-->src\main\AndroidManifest.xml:91:17-78
153-->src\main\AndroidManifest.xml:91:27-75
154
155                <data
155-->src\main\AndroidManifest.xml:22:13-44
156                    android:host="cct.com.devetechno.ecomm"
157                    android:scheme="fbconnect" />
157-->src\main\AndroidManifest.xml:22:19-41
158            </intent-filter>
159        </activity>
160
161        <!-- Set up the Sign in with Apple activity, such that it's callable from the browser-redirect -->
162        <activity
162-->src\main\AndroidManifest.xml:98:9-110:20
163            android:name="com.aboutyou.dart_packages.sign_in_with_apple.SignInWithAppleCallback"
163-->src\main\AndroidManifest.xml:99:13-97
164            android:exported="true" >
164-->src\main\AndroidManifest.xml:100:13-36
165            <intent-filter>
165-->src\main\AndroidManifest.xml:102:13-109:29
166                <action android:name="android.intent.action.VIEW" />
166-->src\main\AndroidManifest.xml:21:13-65
166-->src\main\AndroidManifest.xml:21:21-62
167
168                <category android:name="android.intent.category.DEFAULT" />
168-->src\main\AndroidManifest.xml:70:17-76
168-->src\main\AndroidManifest.xml:70:27-73
169                <category android:name="android.intent.category.BROWSABLE" />
169-->src\main\AndroidManifest.xml:91:17-78
169-->src\main\AndroidManifest.xml:91:27-75
170
171                <data android:scheme="signinwithapple" />
171-->src\main\AndroidManifest.xml:22:13-44
171-->src\main\AndroidManifest.xml:22:19-41
172                <data android:path="callback" />
172-->src\main\AndroidManifest.xml:22:13-44
172-->src\main\AndroidManifest.xml:108:23-46
173            </intent-filter>
174        </activity>
175
176        <meta-data
176-->src\main\AndroidManifest.xml:77:9-78:54
177            android:name="com.facebook.sdk.ApplicationId"
177-->src\main\AndroidManifest.xml:77:20-65
178            android:value="@string/facebook_app_id" />
178-->src\main\AndroidManifest.xml:78:13-52
179        <meta-data
179-->src\main\AndroidManifest.xml:115:9-117:60
180            android:name="com.facebook.sdk.ClientToken"
180-->src\main\AndroidManifest.xml:116:13-56
181            android:value="@string/facebook_client_token" />
181-->src\main\AndroidManifest.xml:117:13-58
182        <meta-data
182-->src\main\AndroidManifest.xml:60:13-63:17
183            android:name="io.flutter.embedding.android.SplashScreenDrawable"
183-->src\main\AndroidManifest.xml:61:15-79
184            android:resource="@drawable/launch_background" />
184-->src\main\AndroidManifest.xml:62:15-61
185
186        <provider
187            android:name="vn.hunghd.flutterdownloader.DownloadedFileProvider"
187-->src\main\AndroidManifest.xml:124:13-78
188            android:authorities="com.devetechno.ecomm.flutter_downloader.provider"
188-->src\main\AndroidManifest.xml:125:13-79
189            android:exported="false"
189-->src\main\AndroidManifest.xml:126:13-37
190            android:grantUriPermissions="true" >
190-->src\main\AndroidManifest.xml:127:13-47
191            <meta-data
191-->src\main\AndroidManifest.xml:128:13-130:57
192                android:name="android.support.FILE_PROVIDER_PATHS"
192-->src\main\AndroidManifest.xml:129:17-67
193                android:resource="@xml/provider_paths" />
193-->src\main\AndroidManifest.xml:130:17-55
194        </provider>
195
196        <service
196-->[:firebase_messaging] AndroidManifest.xml:16:9-19:72
197            android:name="io.flutter.plugins.firebase.messaging.FlutterFirebaseMessagingBackgroundService"
197-->[:firebase_messaging] AndroidManifest.xml:17:13-107
198            android:exported="false"
198-->[:firebase_messaging] AndroidManifest.xml:18:13-37
199            android:permission="android.permission.BIND_JOB_SERVICE" />
199-->[:firebase_messaging] AndroidManifest.xml:19:13-69
200        <service
200-->[:firebase_messaging] AndroidManifest.xml:20:9-26:19
201            android:name="io.flutter.plugins.firebase.messaging.FlutterFirebaseMessagingService"
201-->[:firebase_messaging] AndroidManifest.xml:21:13-97
202            android:exported="false" >
202-->[:firebase_messaging] AndroidManifest.xml:22:13-37
203            <intent-filter>
203-->[:firebase_messaging] AndroidManifest.xml:23:13-25:29
204                <action android:name="com.google.firebase.MESSAGING_EVENT" />
204-->[:firebase_messaging] AndroidManifest.xml:24:17-78
204-->[:firebase_messaging] AndroidManifest.xml:24:25-75
205            </intent-filter>
206        </service>
207
208        <receiver
208-->[:firebase_messaging] AndroidManifest.xml:28:9-35:20
209            android:name="io.flutter.plugins.firebase.messaging.FlutterFirebaseMessagingReceiver"
209-->[:firebase_messaging] AndroidManifest.xml:29:13-98
210            android:exported="true"
210-->[:firebase_messaging] AndroidManifest.xml:30:13-36
211            android:permission="com.google.android.c2dm.permission.SEND" >
211-->[:firebase_messaging] AndroidManifest.xml:31:13-73
212            <intent-filter>
212-->[:firebase_messaging] AndroidManifest.xml:32:13-34:29
213                <action android:name="com.google.android.c2dm.intent.RECEIVE" />
213-->[:firebase_messaging] AndroidManifest.xml:33:17-81
213-->[:firebase_messaging] AndroidManifest.xml:33:25-78
214            </intent-filter>
215        </receiver>
216
217        <service
217-->[:firebase_messaging] AndroidManifest.xml:37:9-41:19
218            android:name="com.google.firebase.components.ComponentDiscoveryService"
218-->[:firebase_messaging] AndroidManifest.xml:37:18-89
219            android:directBootAware="true"
219-->[com.google.firebase:firebase-common:20.4.3] AndroidManifest.xml:32:13-43
220            android:exported="false" >
220-->[com.google.firebase:firebase-messaging:23.4.1] AndroidManifest.xml:56:13-37
221            <meta-data
221-->[:firebase_messaging] AndroidManifest.xml:38:13-40:85
222                android:name="com.google.firebase.components:io.flutter.plugins.firebase.messaging.FlutterFirebaseAppRegistrar"
222-->[:firebase_messaging] AndroidManifest.xml:39:17-128
223                android:value="com.google.firebase.components.ComponentRegistrar" />
223-->[:firebase_messaging] AndroidManifest.xml:40:17-82
224            <meta-data
224-->[:firebase_core] AndroidManifest.xml:11:13-13:85
225                android:name="com.google.firebase.components:io.flutter.plugins.firebase.core.FlutterFirebaseCoreRegistrar"
225-->[:firebase_core] AndroidManifest.xml:12:17-124
226                android:value="com.google.firebase.components.ComponentRegistrar" />
226-->[:firebase_core] AndroidManifest.xml:13:17-82
227            <meta-data
227-->[com.google.firebase:firebase-messaging:23.4.1] AndroidManifest.xml:57:13-59:85
228                android:name="com.google.firebase.components:com.google.firebase.messaging.FirebaseMessagingKtxRegistrar"
228-->[com.google.firebase:firebase-messaging:23.4.1] AndroidManifest.xml:58:17-122
229                android:value="com.google.firebase.components.ComponentRegistrar" />
229-->[com.google.firebase:firebase-messaging:23.4.1] AndroidManifest.xml:59:17-82
230            <meta-data
230-->[com.google.firebase:firebase-messaging:23.4.1] AndroidManifest.xml:60:13-62:85
231                android:name="com.google.firebase.components:com.google.firebase.messaging.FirebaseMessagingRegistrar"
231-->[com.google.firebase:firebase-messaging:23.4.1] AndroidManifest.xml:61:17-119
232                android:value="com.google.firebase.components.ComponentRegistrar" />
232-->[com.google.firebase:firebase-messaging:23.4.1] AndroidManifest.xml:62:17-82
233            <meta-data
233-->[com.google.firebase:firebase-installations:17.2.0] AndroidManifest.xml:15:13-17:85
234                android:name="com.google.firebase.components:com.google.firebase.installations.FirebaseInstallationsKtxRegistrar"
234-->[com.google.firebase:firebase-installations:17.2.0] AndroidManifest.xml:16:17-130
235                android:value="com.google.firebase.components.ComponentRegistrar" />
235-->[com.google.firebase:firebase-installations:17.2.0] AndroidManifest.xml:17:17-82
236            <meta-data
236-->[com.google.firebase:firebase-installations:17.2.0] AndroidManifest.xml:18:13-20:85
237                android:name="com.google.firebase.components:com.google.firebase.installations.FirebaseInstallationsRegistrar"
237-->[com.google.firebase:firebase-installations:17.2.0] AndroidManifest.xml:19:17-127
238                android:value="com.google.firebase.components.ComponentRegistrar" />
238-->[com.google.firebase:firebase-installations:17.2.0] AndroidManifest.xml:20:17-82
239            <meta-data
239-->[com.google.firebase:firebase-common-ktx:20.4.3] AndroidManifest.xml:12:13-14:85
240                android:name="com.google.firebase.components:com.google.firebase.ktx.FirebaseCommonLegacyRegistrar"
240-->[com.google.firebase:firebase-common-ktx:20.4.3] AndroidManifest.xml:13:17-116
241                android:value="com.google.firebase.components.ComponentRegistrar" />
241-->[com.google.firebase:firebase-common-ktx:20.4.3] AndroidManifest.xml:14:17-82
242            <meta-data
242-->[com.google.firebase:firebase-common:20.4.3] AndroidManifest.xml:35:13-37:85
243                android:name="com.google.firebase.components:com.google.firebase.FirebaseCommonKtxRegistrar"
243-->[com.google.firebase:firebase-common:20.4.3] AndroidManifest.xml:36:17-109
244                android:value="com.google.firebase.components.ComponentRegistrar" />
244-->[com.google.firebase:firebase-common:20.4.3] AndroidManifest.xml:37:17-82
245            <meta-data
245-->[com.google.firebase:firebase-datatransport:18.1.7] AndroidManifest.xml:27:13-29:85
246                android:name="com.google.firebase.components:com.google.firebase.datatransport.TransportRegistrar"
246-->[com.google.firebase:firebase-datatransport:18.1.7] AndroidManifest.xml:28:17-115
247                android:value="com.google.firebase.components.ComponentRegistrar" />
247-->[com.google.firebase:firebase-datatransport:18.1.7] AndroidManifest.xml:29:17-82
248        </service>
249
250        <provider
250-->[:firebase_messaging] AndroidManifest.xml:43:9-47:38
251            android:name="io.flutter.plugins.firebase.messaging.FlutterFirebaseMessagingInitProvider"
251-->[:firebase_messaging] AndroidManifest.xml:44:13-102
252            android:authorities="com.devetechno.ecomm.flutterfirebasemessaginginitprovider"
252-->[:firebase_messaging] AndroidManifest.xml:45:13-88
253            android:exported="false"
253-->[:firebase_messaging] AndroidManifest.xml:46:13-37
254            android:initOrder="99" />
254-->[:firebase_messaging] AndroidManifest.xml:47:13-35
255
256        <service
256-->[:geolocator_android] AndroidManifest.xml:12:9-16:56
257            android:name="com.baseflow.geolocator.GeolocatorLocationService"
257-->[:geolocator_android] AndroidManifest.xml:13:13-77
258            android:enabled="true"
258-->[:geolocator_android] AndroidManifest.xml:14:13-35
259            android:exported="false"
259-->[:geolocator_android] AndroidManifest.xml:15:13-37
260            android:foregroundServiceType="location" />
260-->[:geolocator_android] AndroidManifest.xml:16:13-53
261
262        <receiver
262-->[:flutter_local_notifications] AndroidManifest.xml:16:9-18:40
263            android:name="com.dexterous.flutterlocalnotifications.ActionBroadcastReceiver"
263-->[:flutter_local_notifications] AndroidManifest.xml:17:13-91
264            android:exported="false" />
264-->[:flutter_local_notifications] AndroidManifest.xml:18:13-37
265        <receiver
265-->[:flutter_local_notifications] AndroidManifest.xml:19:9-21:40
266            android:name="com.dexterous.flutterlocalnotifications.ScheduledNotificationReceiver"
266-->[:flutter_local_notifications] AndroidManifest.xml:20:13-97
267            android:exported="false" />
267-->[:flutter_local_notifications] AndroidManifest.xml:21:13-37
268        <receiver
268-->[:flutter_local_notifications] AndroidManifest.xml:22:9-31:20
269            android:name="com.dexterous.flutterlocalnotifications.ScheduledNotificationBootReceiver"
269-->[:flutter_local_notifications] AndroidManifest.xml:23:13-101
270            android:exported="false" >
270-->[:flutter_local_notifications] AndroidManifest.xml:24:13-37
271            <intent-filter>
271-->[:flutter_local_notifications] AndroidManifest.xml:25:13-30:29
272                <action android:name="android.intent.action.BOOT_COMPLETED" />
272-->[:flutter_local_notifications] AndroidManifest.xml:26:17-79
272-->[:flutter_local_notifications] AndroidManifest.xml:26:25-76
273                <action android:name="android.intent.action.MY_PACKAGE_REPLACED" />
273-->[:flutter_local_notifications] AndroidManifest.xml:27:17-84
273-->[:flutter_local_notifications] AndroidManifest.xml:27:25-81
274                <action android:name="android.intent.action.QUICKBOOT_POWERON" />
274-->[:flutter_local_notifications] AndroidManifest.xml:28:17-82
274-->[:flutter_local_notifications] AndroidManifest.xml:28:25-79
275                <action android:name="com.htc.intent.action.QUICKBOOT_POWERON" />
275-->[:flutter_local_notifications] AndroidManifest.xml:29:17-82
275-->[:flutter_local_notifications] AndroidManifest.xml:29:25-79
276            </intent-filter>
277        </receiver>
278
279        <activity
279-->[:flutter_inappwebview] AndroidManifest.xml:16:9-20:47
280            android:name="com.pichillilorenzo.flutter_inappwebview.in_app_browser.InAppBrowserActivity"
280-->[:flutter_inappwebview] AndroidManifest.xml:17:13-104
281            android:configChanges="orientation|keyboardHidden|keyboard|screenSize|locale|layoutDirection|fontScale|screenLayout|density"
281-->[:flutter_inappwebview] AndroidManifest.xml:18:13-137
282            android:exported="false"
282-->[:flutter_inappwebview] AndroidManifest.xml:19:13-37
283            android:theme="@style/AppTheme" />
283-->[:flutter_inappwebview] AndroidManifest.xml:20:13-44
284        <activity
284-->[:flutter_inappwebview] AndroidManifest.xml:21:9-24:55
285            android:name="com.pichillilorenzo.flutter_inappwebview.chrome_custom_tabs.ChromeCustomTabsActivity"
285-->[:flutter_inappwebview] AndroidManifest.xml:22:13-112
286            android:exported="false"
286-->[:flutter_inappwebview] AndroidManifest.xml:23:13-37
287            android:theme="@style/ThemeTransparent" />
287-->[:flutter_inappwebview] AndroidManifest.xml:24:13-52
288        <activity
288-->[:flutter_inappwebview] AndroidManifest.xml:25:9-28:55
289            android:name="com.pichillilorenzo.flutter_inappwebview.chrome_custom_tabs.TrustedWebActivity"
289-->[:flutter_inappwebview] AndroidManifest.xml:26:13-106
290            android:exported="false"